  [1m[35m (3.4ms)[0m  [1m[34mSELECT sqlite_version(*)[0m
  [1m[35m (1.6ms)[0m  [1m[35mCREATE TABLE "schema_migrations" ("version" varchar NOT NULL PRIMARY KEY)[0m
  [1m[35m (2.3ms)[0m  [1m[35mCREATE TABLE "ar_internal_metadata" ("key" varchar NOT NULL PRIMARY KEY, "value" varchar, "created_at" datetime(6) NOT NULL, "updated_at" datetime(6) NOT NULL)[0m
  [1m[35m (0.3ms)[0m  [1m[34mSELECT "schema_migrations"."version" FROM "schema_migrations" ORDER BY "schema_migrations"."version" ASC[0m
Migrating to CreateBooks (20211115113601)
  [1m[36mTRANSACTION (0.1ms)[0m  [1m[36mbegin transaction[0m
  [1m[35m (0.8ms)[0m  [1m[35mCREATE TABLE "books" ("id" integer PRIMARY KEY AUTOINCREMENT NOT NULL, "title" varchar, "memo" text, "created_at" datetime(6) NOT NULL, "updated_at" datetime(6) NOT NULL)[0m
  [1m[36mActiveRecord::SchemaMigration Create (0.3ms)[0m  [1m[32mINSERT INTO "schema_migrations" ("version") VALUES (?)[0m  [["version", "20211115113601"]]
  [1m[36mTRANSACTION (1.7ms)[0m  [1m[36mcommit transaction[0m
  [1m[36mActiveRecord::InternalMetadata Load (0.3ms)[0m  [1m[34mSELECT "ar_internal_metadata".* FROM "ar_internal_metadata" WHERE "ar_internal_metadata"."key" = ? LIMIT ?[0m  [["key", "environment"], ["LIMIT", 1]]
  [1m[36mTRANSACTION (0.1ms)[0m  [1m[36mbegin transaction[0m
  [1m[36mActiveRecord::InternalMetadata Create (0.6ms)[0m  [1m[32mINSERT INTO "ar_internal_metadata" ("key", "value", "created_at", "updated_at") VALUES (?, ?, ?, ?)[0m  [["key", "environment"], ["value", "development"], ["created_at", "2021-11-15 11:37:18.091770"], ["updated_at", "2021-11-15 11:37:18.091770"]]
  [1m[36mTRANSACTION (6.5ms)[0m  [1m[36mcommit transaction[0m
  [1m[35m (0.1ms)[0m  [1m[34mSELECT sqlite_version(*)[0m
  [1m[35m (0.1ms)[0m  [1m[34mSELECT "schema_migrations"."version" FROM "schema_migrations" ORDER BY "schema_migrations"."version" ASC[0m
Started GET "/books" for ::1 at 2021-11-15 20:37:38 +0900
  [1m[35m (1.7ms)[0m  [1m[34mSELECT sqlite_version(*)[0m
  [1m[35m (0.2ms)[0m  [1m[34mSELECT "schema_migrations"."version" FROM "schema_migrations" ORDER BY "schema_migrations"."version" ASC[0m
Processing by BooksController#index as HTML
  Rendering layout layouts/application.html.erb
  Rendering books/index.html.erb within layouts/application
  [1m[36mBook Load (0.5ms)[0m  [1m[34mSELECT "books".* FROM "books"[0m
  â†³ app/views/books/index.html.erb:15
  Rendered books/index.html.erb within layouts/application (Duration: 10.6ms | Allocations: 1685)
[Webpacker] Compiling...
[Webpacker] Compiled all packs in /Users/ryota_re_loaded/Documents/VScode/railsbook/my_web_apps/books_app/public/packs
[Webpacker] Hash: e2a8a876c5815bee1e21
Version: webpack 4.46.0
Time: 3583ms
Built at: 2021/11/15 20:37:47
                                     Asset       Size       Chunks                         Chunk Names
    js/application-e421b4aa3f716bebdab1.js    125 KiB  application  [emitted] [immutable]  application
js/application-e421b4aa3f716bebdab1.js.map    139 KiB  application  [emitted] [dev]        application
                             manifest.json  364 bytes               [emitted]              
Entrypoint application = js/application-e421b4aa3f716bebdab1.js js/application-e421b4aa3f716bebdab1.js.map
[./app/javascript/channels sync recursive _channel\.js$] ./app/javascript/channels sync _channel\.js$ 160 bytes {application} [built]
[./app/javascript/channels/index.js] 211 bytes {application} [built]
[./app/javascript/packs/application.js] 492 bytes {application} [built]
[./node_modules/webpack/buildin/module.js] (webpack)/buildin/module.js 552 bytes {application} [built]
    + 3 hidden modules

  Rendered layout layouts/application.html.erb (Duration: 8483.9ms | Allocations: 19976)
Completed 200 OK in 8536ms (Views: 8504.5ms | ActiveRecord: 0.5ms | Allocations: 25214)


Started GET "/books/new" for ::1 at 2021-11-15 20:38:22 +0900
Processing by BooksController#new as HTML
  Rendering layout layouts/application.html.erb
  Rendering books/new.html.erb within layouts/application
  Rendered books/_form.html.erb (Duration: 83.9ms | Allocations: 8262)
  Rendered books/new.html.erb within layouts/application (Duration: 90.2ms | Allocations: 8676)
[Webpacker] Everything's up-to-date. Nothing to do
  Rendered layout layouts/application.html.erb (Duration: 102.6ms | Allocations: 12203)
Completed 200 OK in 123ms (Views: 103.9ms | ActiveRecord: 3.8ms | Allocations: 16144)


Started POST "/books" for ::1 at 2021-11-15 20:38:31 +0900
Processing by BooksController#create as HTML
  Parameters: {"authenticity_token"=>"[FILTERED]", "book"=>{"title"=>"Rubyè¶…å…¥é–€", "memo"=>"unko"}, "commit"=>"Create Book"}
  [1m[36mTRANSACTION (0.2ms)[0m  [1m[36mbegin transaction[0m
  â†³ app/controllers/books_controller.rb:27:in `block in create'
  [1m[36mBook Create (1.5ms)[0m  [1m[32mINSERT INTO "books" ("title", "memo", "created_at", "updated_at") VALUES (?, ?, ?, ?)[0m  [["title", "Rubyè¶…å…¥é–€"], ["memo", "unko"], ["created_at", "2021-11-15 11:38:31.062935"], ["updated_at", "2021-11-15 11:38:31.062935"]]
  â†³ app/controllers/books_controller.rb:27:in `block in create'
  [1m[36mTRANSACTION (1.7ms)[0m  [1m[36mcommit transaction[0m
  â†³ app/controllers/books_controller.rb:27:in `block in create'
Redirected to http://localhost:3000/books/1
Completed 302 Found in 22ms (ActiveRecord: 3.4ms | Allocations: 3487)


Started GET "/books/1" for ::1 at 2021-11-15 20:38:31 +0900
Processing by BooksController#show as HTML
  Parameters: {"id"=>"1"}
  [1m[36mBook Load (0.4ms)[0m  [1m[34mSELECT "books".* FROM "books" WHERE "books"."id" = ? LIMIT ?[0m  [["id", 1], ["LIMIT", 1]]
  â†³ app/controllers/books_controller.rb:62:in `set_book'
  Rendering layout layouts/application.html.erb
  Rendering books/show.html.erb within layouts/application
  Rendered books/show.html.erb within layouts/application (Duration: 1.0ms | Allocations: 350)
[Webpacker] Everything's up-to-date. Nothing to do
  Rendered layout layouts/application.html.erb (Duration: 10.3ms | Allocations: 3994)
Completed 200 OK in 20ms (Views: 11.1ms | ActiveRecord: 0.4ms | Allocations: 6027)


Started GET "/books" for ::1 at 2021-11-15 20:38:55 +0900
Processing by BooksController#index as HTML
  Rendering layout layouts/application.html.erb
  Rendering books/index.html.erb within layouts/application
  [1m[36mBook Load (0.2ms)[0m  [1m[34mSELECT "books".* FROM "books"[0m
  â†³ app/views/books/index.html.erb:15
  Rendered books/index.html.erb within layouts/application (Duration: 3.0ms | Allocations: 851)
[Webpacker] Everything's up-to-date. Nothing to do
  Rendered layout layouts/application.html.erb (Duration: 34.0ms | Allocations: 5042)
Completed 200 OK in 37ms (Views: 35.5ms | ActiveRecord: 0.2ms | Allocations: 5539)


Started GET "/rails/info/routes" for ::1 at 2021-11-15 20:58:18 +0900
Processing by Rails::InfoController#routes as HTML
  Rendering layout /Users/ryota_re_loaded/.rbenv/versions/3.0.2/lib/ruby/gems/3.0.0/gems/railties-6.1.4.1/lib/rails/templates/layouts/application.html.erb
  Rendering /Users/ryota_re_loaded/.rbenv/versions/3.0.2/lib/ruby/gems/3.0.0/gems/railties-6.1.4.1/lib/rails/templates/rails/info/routes.html.erb within layouts/application
  Rendered collection of /Users/ryota_re_loaded/.rbenv/versions/3.0.2/lib/ruby/gems/3.0.0/gems/actionpack-6.1.4.1/lib/action_dispatch/middleware/templates/routes/_route.html.erb [34 times] (Duration: 36.4ms | Allocations: 5481)
  Rendered /Users/ryota_re_loaded/.rbenv/versions/3.0.2/lib/ruby/gems/3.0.0/gems/actionpack-6.1.4.1/lib/action_dispatch/middleware/templates/routes/_table.html.erb (Duration: 8.4ms | Allocations: 998)
  Rendered /Users/ryota_re_loaded/.rbenv/versions/3.0.2/lib/ruby/gems/3.0.0/gems/railties-6.1.4.1/lib/rails/templates/rails/info/routes.html.erb within layouts/application (Duration: 62.0ms | Allocations: 10772)
  Rendered layout /Users/ryota_re_loaded/.rbenv/versions/3.0.2/lib/ruby/gems/3.0.0/gems/railties-6.1.4.1/lib/rails/templates/layouts/application.html.erb (Duration: 71.0ms | Allocations: 11029)
Completed 200 OK in 83ms (Views: 75.6ms | Allocations: 12510)


  [1m[35m (2.3ms)[0m  [1m[34mSELECT sqlite_version(*)[0m
  [1m[36mTRANSACTION (0.1ms)[0m  [1m[36mbegin transaction[0m
  [1m[36mBook Create (1.9ms)[0m  [1m[32mINSERT INTO "books" ("title", "memo", "created_at", "updated_at") VALUES (?, ?, ?, ?)[0m  [["title", "some title"], ["memo", "some memo"], ["created_at", "2021-11-15 13:59:22.324918"], ["updated_at", "2021-11-15 13:59:22.324918"]]
  [1m[36mTRANSACTION (1.9ms)[0m  [1m[36mcommit transaction[0m
  [1m[36mBook Load (0.3ms)[0m  [1m[34mSELECT "books".* FROM "books" ORDER BY "books"."id" DESC LIMIT ?[0m  [["LIMIT", 1]]
  [1m[35m (1.6ms)[0m  [1m[34mSELECT sqlite_version(*)[0m
  [1m[35m (0.8ms)[0m  [1m[34mSELECT "schema_migrations"."version" FROM "schema_migrations" ORDER BY "schema_migrations"."version" ASC[0m
  [1m[36mActiveRecord::InternalMetadata Load (1.6ms)[0m  [1m[34mSELECT "ar_internal_metadata".* FROM "ar_internal_metadata" WHERE "ar_internal_metadata"."key" = ? LIMIT ?[0m  [["key", "environment"], ["LIMIT", 1]]
  [1m[35m (0.1ms)[0m  [1m[34mSELECT sqlite_version(*)[0m
  [1m[35m (0.2ms)[0m  [1m[34mSELECT "schema_migrations"."version" FROM "schema_migrations" ORDER BY "schema_migrations"."version" ASC[0m
Started GET "/books" for ::1 at 2021-11-16 16:04:48 +0900
  [1m[35m (1.2ms)[0m  [1m[34mSELECT sqlite_version(*)[0m
  [1m[35m (0.3ms)[0m  [1m[34mSELECT "schema_migrations"."version" FROM "schema_migrations" ORDER BY "schema_migrations"."version" ASC[0m
  
ActionController::RoutingError (No route matches [GET] "/books"):
  
Started GET "/books" for ::1 at 2021-11-16 16:05:41 +0900
  
ActionController::RoutingError (No route matches [GET] "/books"):
  
Started GET "/rails/info/routes" for ::1 at 2021-11-16 16:05:53 +0900
Processing by Rails::InfoController#routes as HTML
  Rendering layout /Users/ryota_re_loaded/.rbenv/versions/3.0.2/lib/ruby/gems/3.0.0/gems/railties-6.1.4.1/lib/rails/templates/layouts/application.html.erb
  Rendering /Users/ryota_re_loaded/.rbenv/versions/3.0.2/lib/ruby/gems/3.0.0/gems/railties-6.1.4.1/lib/rails/templates/rails/info/routes.html.erb within layouts/application
  Rendered collection of /Users/ryota_re_loaded/.rbenv/versions/3.0.2/lib/ruby/gems/3.0.0/gems/actionpack-6.1.4.1/lib/action_dispatch/middleware/templates/routes/_route.html.erb [26 times] (Duration: 14.2ms | Allocations: 4205)
  Rendered /Users/ryota_re_loaded/.rbenv/versions/3.0.2/lib/ruby/gems/3.0.0/gems/actionpack-6.1.4.1/lib/action_dispatch/middleware/templates/routes/_table.html.erb (Duration: 2.1ms | Allocations: 761)
  Rendered /Users/ryota_re_loaded/.rbenv/versions/3.0.2/lib/ruby/gems/3.0.0/gems/railties-6.1.4.1/lib/rails/templates/rails/info/routes.html.erb within layouts/application (Duration: 24.0ms | Allocations: 8416)
  Rendered layout /Users/ryota_re_loaded/.rbenv/versions/3.0.2/lib/ruby/gems/3.0.0/gems/railties-6.1.4.1/lib/rails/templates/layouts/application.html.erb (Duration: 26.3ms | Allocations: 8649)
Completed 200 OK in 42ms (Views: 30.0ms | ActiveRecord: 0.0ms | Allocations: 11298)


  [1m[35m (0.5ms)[0m  [1m[34mSELECT sqlite_version(*)[0m
  [1m[35m (0.5ms)[0m  [1m[34mSELECT "schema_migrations"."version" FROM "schema_migrations" ORDER BY "schema_migrations"."version" ASC[0m
  [1m[36mActiveRecord::InternalMetadata Load (0.2ms)[0m  [1m[34mSELECT "ar_internal_metadata".* FROM "ar_internal_metadata" WHERE "ar_internal_metadata"."key" = ? LIMIT ?[0m  [["key", "environment"], ["LIMIT", 1]]
  [1m[35m (0.1ms)[0m  [1m[34mSELECT sqlite_version(*)[0m
  [1m[35m (0.1ms)[0m  [1m[34mSELECT "schema_migrations"."version" FROM "schema_migrations" ORDER BY "schema_migrations"."version" ASC[0m
Started GET "/books" for ::1 at 2021-11-16 16:07:34 +0900
  [1m[35m (0.6ms)[0m  [1m[34mSELECT sqlite_version(*)[0m
  [1m[35m (0.5ms)[0m  [1m[34mSELECT "schema_migrations"."version" FROM "schema_migrations" ORDER BY "schema_migrations"."version" ASC[0m
  
ActionController::RoutingError (No route matches [GET] "/books"):
  
  [1m[35m (0.6ms)[0m  [1m[34mSELECT sqlite_version(*)[0m
  [1m[35m (0.3ms)[0m  [1m[34mSELECT "schema_migrations"."version" FROM "schema_migrations" ORDER BY "schema_migrations"."version" ASC[0m
  [1m[36mActiveRecord::InternalMetadata Load (0.5ms)[0m  [1m[34mSELECT "ar_internal_metadata".* FROM "ar_internal_metadata" WHERE "ar_internal_metadata"."key" = ? LIMIT ?[0m  [["key", "environment"], ["LIMIT", 1]]
  [1m[35m (0.1ms)[0m  [1m[34mSELECT sqlite_version(*)[0m
  [1m[35m (0.1ms)[0m  [1m[34mSELECT "schema_migrations"."version" FROM "schema_migrations" ORDER BY "schema_migrations"."version" ASC[0m
  [1m[35m (0.5ms)[0m  [1m[34mSELECT sqlite_version(*)[0m
  [1m[35m (0.1ms)[0m  [1m[34mSELECT "schema_migrations"."version" FROM "schema_migrations" ORDER BY "schema_migrations"."version" ASC[0m
  [1m[36mActiveRecord::InternalMetadata Load (0.2ms)[0m  [1m[34mSELECT "ar_internal_metadata".* FROM "ar_internal_metadata" WHERE "ar_internal_metadata"."key" = ? LIMIT ?[0m  [["key", "environment"], ["LIMIT", 1]]
  [1m[35m (0.1ms)[0m  [1m[34mSELECT sqlite_version(*)[0m
  [1m[35m (0.2ms)[0m  [1m[34mSELECT "schema_migrations"."version" FROM "schema_migrations" ORDER BY "schema_migrations"."version" ASC[0m
  [1m[35m (0.6ms)[0m  [1m[34mSELECT sqlite_version(*)[0m
  [1m[35m (0.2ms)[0m  [1m[34mSELECT "schema_migrations"."version" FROM "schema_migrations" ORDER BY "schema_migrations"."version" ASC[0m
  [1m[36mActiveRecord::InternalMetadata Load (0.2ms)[0m  [1m[34mSELECT "ar_internal_metadata".* FROM "ar_internal_metadata" WHERE "ar_internal_metadata"."key" = ? LIMIT ?[0m  [["key", "environment"], ["LIMIT", 1]]
  [1m[35m (0.1ms)[0m  [1m[34mSELECT sqlite_version(*)[0m
  [1m[35m (0.1ms)[0m  [1m[34mSELECT "schema_migrations"."version" FROM "schema_migrations" ORDER BY "schema_migrations"."version" ASC[0m
  [1m[35m (0.6ms)[0m  [1m[34mSELECT sqlite_version(*)[0m
  [1m[35m (0.3ms)[0m  [1m[34mSELECT "schema_migrations"."version" FROM "schema_migrations" ORDER BY "schema_migrations"."version" ASC[0m
  [1m[36mActiveRecord::InternalMetadata Load (0.3ms)[0m  [1m[34mSELECT "ar_internal_metadata".* FROM "ar_internal_metadata" WHERE "ar_internal_metadata"."key" = ? LIMIT ?[0m  [["key", "environment"], ["LIMIT", 1]]
  [1m[35m (0.1ms)[0m  [1m[34mSELECT sqlite_version(*)[0m
  [1m[35m (0.1ms)[0m  [1m[34mSELECT "schema_migrations"."version" FROM "schema_migrations" ORDER BY "schema_migrations"."version" ASC[0m
Started GET "/books" for ::1 at 2021-11-16 17:02:40 +0900
  [1m[35m (1.6ms)[0m  [1m[34mSELECT sqlite_version(*)[0m
  [1m[35m (0.3ms)[0m  [1m[34mSELECT "schema_migrations"."version" FROM "schema_migrations" ORDER BY "schema_migrations"."version" ASC[0m
  
ActionController::RoutingError (No route matches [GET] "/books"):
  
Started GET "/books" for ::1 at 2021-11-16 17:22:13 +0900
  [1m[35m (2.8ms)[0m  [1m[34mSELECT sqlite_version(*)[0m
  [1m[35m (0.8ms)[0m  [1m[34mSELECT "schema_migrations"."version" FROM "schema_migrations" ORDER BY "schema_migrations"."version" ASC[0m
  
ActionController::RoutingError (No route matches [GET] "/books"):
  
  [1m[35m (3.7ms)[0m  [1m[34mSELECT sqlite_version(*)[0m
  [1m[35m (1.0ms)[0m  [1m[34mSELECT "schema_migrations"."version" FROM "schema_migrations" ORDER BY "schema_migrations"."version" ASC[0m
  [1m[36mActiveRecord::InternalMetadata Load (2.0ms)[0m  [1m[34mSELECT "ar_internal_metadata".* FROM "ar_internal_metadata" WHERE "ar_internal_metadata"."key" = ? LIMIT ?[0m  [["key", "environment"], ["LIMIT", 1]]
  [1m[35m (0.1ms)[0m  [1m[34mSELECT sqlite_version(*)[0m
  [1m[35m (0.1ms)[0m  [1m[34mSELECT "schema_migrations"."version" FROM "schema_migrations" ORDER BY "schema_migrations"."version" ASC[0m
Started GET "/books" for ::1 at 2021-11-17 01:13:09 +0900
  [1m[35m (1.0ms)[0m  [1m[34mSELECT sqlite_version(*)[0m
  [1m[35m (0.2ms)[0m  [1m[34mSELECT "schema_migrations"."version" FROM "schema_migrations" ORDER BY "schema_migrations"."version" ASC[0m
  
ActionController::RoutingError (No route matches [GET] "/books"):
  
Started GET "/books" for ::1 at 2021-11-17 01:16:12 +0900
Processing by BooksController#index as HTML
  Rendering layout layouts/application.html.erb
  Rendering books/index.html.erb within layouts/application
  [1m[35m (0.1ms)[0m  [1m[34mSELECT sqlite_version(*)[0m
  â†³ app/views/books/index.html.erb:15
  [1m[36mBook Load (0.8ms)[0m  [1m[34mSELECT "books".* FROM "books"[0m
  â†³ app/views/books/index.html.erb:15
  Rendered books/index.html.erb within layouts/application (Duration: 15.6ms | Allocations: 5673)
[Webpacker] Compiling...
[Webpacker] Compiled all packs in /Users/ryota_re_loaded/Documents/VScode/railsbook/my_web_apps/books_app/public/packs
[Webpacker] Hash: e2a8a876c5815bee1e21
Version: webpack 4.46.0
Time: 1615ms
Built at: 2021/11/17 1:16:18
                                     Asset       Size       Chunks                         Chunk Names
    js/application-e421b4aa3f716bebdab1.js    125 KiB  application  [emitted] [immutable]  application
js/application-e421b4aa3f716bebdab1.js.map    139 KiB  application  [emitted] [dev]        application
                             manifest.json  364 bytes               [emitted]              
Entrypoint application = js/application-e421b4aa3f716bebdab1.js js/application-e421b4aa3f716bebdab1.js.map
[./app/javascript/channels sync recursive _channel\.js$] ./app/javascript/channels sync _channel\.js$ 160 bytes {application} [built]
[./app/javascript/channels/index.js] 211 bytes {application} [built]
[./app/javascript/packs/application.js] 492 bytes {application} [built]
[./node_modules/webpack/buildin/module.js] (webpack)/buildin/module.js 552 bytes {application} [built]
    + 3 hidden modules

  Rendered layout layouts/application.html.erb (Duration: 5862.2ms | Allocations: 27579)
Completed 200 OK in 5885ms (Views: 5864.9ms | ActiveRecord: 2.0ms | Allocations: 30663)


Started GET "/rails/info/routes" for ::1 at 2021-11-17 01:18:25 +0900
Processing by Rails::InfoController#routes as HTML
  Rendering layout /Users/ryota_re_loaded/.rbenv/versions/2.6.5/lib/ruby/gems/2.6.0/gems/railties-6.1.4.1/lib/rails/templates/layouts/application.html.erb
  Rendering /Users/ryota_re_loaded/.rbenv/versions/2.6.5/lib/ruby/gems/2.6.0/gems/railties-6.1.4.1/lib/rails/templates/rails/info/routes.html.erb within layouts/application
  Rendered collection of /Users/ryota_re_loaded/.rbenv/versions/2.6.5/lib/ruby/gems/2.6.0/gems/actionpack-6.1.4.1/lib/action_dispatch/middleware/templates/routes/_route.html.erb [34 times] (Duration: 83.1ms | Allocations: 3885)
  Rendered /Users/ryota_re_loaded/.rbenv/versions/2.6.5/lib/ruby/gems/2.6.0/gems/actionpack-6.1.4.1/lib/action_dispatch/middleware/templates/routes/_table.html.erb (Duration: 3.8ms | Allocations: 718)
  Rendered /Users/ryota_re_loaded/.rbenv/versions/2.6.5/lib/ruby/gems/2.6.0/gems/railties-6.1.4.1/lib/rails/templates/rails/info/routes.html.erb within layouts/application (Duration: 96.6ms | Allocations: 7725)
  Rendered layout /Users/ryota_re_loaded/.rbenv/versions/2.6.5/lib/ruby/gems/2.6.0/gems/railties-6.1.4.1/lib/rails/templates/layouts/application.html.erb (Duration: 157.1ms | Allocations: 7965)
Completed 200 OK in 165ms (Views: 160.6ms | ActiveRecord: 0.0ms | Allocations: 9109)


Started GET "/books" for ::1 at 2021-11-17 01:21:07 +0900
Processing by BooksController#index as HTML
  Rendering layout layouts/application.html.erb
  Rendering books/index.html.erb within layouts/application
  [1m[36mBook Load (0.3ms)[0m  [1m[34mSELECT "books".* FROM "books"[0m
  â†³ app/views/books/index.html.erb:15
  Rendered books/index.html.erb within layouts/application (Duration: 7.2ms | Allocations: 1194)
[Webpacker] Everything's up-to-date. Nothing to do
  Rendered layout layouts/application.html.erb (Duration: 28.0ms | Allocations: 5086)
Completed 200 OK in 42ms (Views: 40.3ms | ActiveRecord: 0.3ms | Allocations: 7199)


Started GET "/books/1/edit" for ::1 at 2021-11-17 01:21:11 +0900
Processing by BooksController#edit as HTML
  Parameters: {"id"=>"1"}
  [1m[36mBook Load (5.4ms)[0m  [1m[34mSELECT "books".* FROM "books" WHERE "books"."id" = ? LIMIT ?[0m  [["id", 1], ["LIMIT", 1]]
  â†³ app/controllers/books_controller.rb:62:in `set_book'
  Rendering layout layouts/application.html.erb
  Rendering books/edit.html.erb within layouts/application
  Rendered books/_form.html.erb (Duration: 53.1ms | Allocations: 5189)
  Rendered books/edit.html.erb within layouts/application (Duration: 55.2ms | Allocations: 5597)
[Webpacker] Everything's up-to-date. Nothing to do
  Rendered layout layouts/application.html.erb (Duration: 67.6ms | Allocations: 9228)
Completed 200 OK in 113ms (Views: 68.7ms | ActiveRecord: 5.4ms | Allocations: 13318)


Started PATCH "/books/1" for ::1 at 2021-11-17 01:21:20 +0900
Processing by BooksController#update as HTML
  Parameters: {"authenticity_token"=>"[FILTERED]", "book"=>{"title"=>"Rubyè¶…å…¥é–€", "memo"=>"good"}, "commit"=>"Update Book", "id"=>"1"}
  [1m[36mBook Load (0.7ms)[0m  [1m[34mSELECT "books".* FROM "books" WHERE "books"."id" = ? LIMIT ?[0m  [["id", 1], ["LIMIT", 1]]
  â†³ app/controllers/books_controller.rb:62:in `set_book'
  [1m[36mTRANSACTION (0.1ms)[0m  [1m[36mbegin transaction[0m
  â†³ app/controllers/books_controller.rb:40:in `block in update'
  [1m[36mBook Update (4.8ms)[0m  [1m[33mUPDATE "books" SET "memo" = ?, "updated_at" = ? WHERE "books"."id" = ?[0m  [["memo", "good"], ["updated_at", "2021-11-16 16:21:20.277657"], ["id", 1]]
  â†³ app/controllers/books_controller.rb:40:in `block in update'
  [1m[36mTRANSACTION (2.2ms)[0m  [1m[36mcommit transaction[0m
  â†³ app/controllers/books_controller.rb:40:in `block in update'
Redirected to http://localhost:3000/books/1
Completed 302 Found in 23ms (ActiveRecord: 7.8ms | Allocations: 3397)


Started GET "/books/1" for ::1 at 2021-11-17 01:21:20 +0900
Processing by BooksController#show as HTML
  Parameters: {"id"=>"1"}
  [1m[36mBook Load (1.4ms)[0m  [1m[34mSELECT "books".* FROM "books" WHERE "books"."id" = ? LIMIT ?[0m  [["id", 1], ["LIMIT", 1]]
  â†³ app/controllers/books_controller.rb:62:in `set_book'
  Rendering layout layouts/application.html.erb
  Rendering books/show.html.erb within layouts/application
  Rendered books/show.html.erb within layouts/application (Duration: 1.5ms | Allocations: 278)
[Webpacker] Everything's up-to-date. Nothing to do
  Rendered layout layouts/application.html.erb (Duration: 11.5ms | Allocations: 3970)
Completed 200 OK in 20ms (Views: 12.6ms | ActiveRecord: 1.4ms | Allocations: 5093)


Started GET "/books" for ::1 at 2021-11-17 01:21:23 +0900
Processing by BooksController#index as HTML
  Rendering layout layouts/application.html.erb
  Rendering books/index.html.erb within layouts/application
  [1m[36mBook Load (0.4ms)[0m  [1m[34mSELECT "books".* FROM "books"[0m
  â†³ app/views/books/index.html.erb:15
  Rendered books/index.html.erb within layouts/application (Duration: 6.3ms | Allocations: 933)
[Webpacker] Everything's up-to-date. Nothing to do
  Rendered layout layouts/application.html.erb (Duration: 27.3ms | Allocations: 4622)
Completed 200 OK in 29ms (Views: 27.7ms | ActiveRecord: 0.4ms | Allocations: 5049)


Started GET "/books/2/edit" for ::1 at 2021-11-17 01:21:29 +0900
Processing by BooksController#edit as HTML
  Parameters: {"id"=>"2"}
  [1m[36mBook Load (0.2ms)[0m  [1m[34mSELECT "books".* FROM "books" WHERE "books"."id" = ? LIMIT ?[0m  [["id", 2], ["LIMIT", 1]]
  â†³ app/controllers/books_controller.rb:62:in `set_book'
  Rendering layout layouts/application.html.erb
  Rendering books/edit.html.erb within layouts/application
  Rendered books/_form.html.erb (Duration: 1.8ms | Allocations: 724)
  Rendered books/edit.html.erb within layouts/application (Duration: 2.3ms | Allocations: 868)
[Webpacker] Everything's up-to-date. Nothing to do
  Rendered layout layouts/application.html.erb (Duration: 9.6ms | Allocations: 4556)
Completed 200 OK in 13ms (Views: 10.1ms | ActiveRecord: 0.2ms | Allocations: 5541)


Started PATCH "/books/2" for ::1 at 2021-11-17 01:21:58 +0900
Processing by BooksController#update as HTML
  Parameters: {"authenticity_token"=>"[FILTERED]", "book"=>{"title"=>"å¤œã®å¤œã®å¤œ", "memo"=>"stars on sky"}, "commit"=>"Update Book", "id"=>"2"}
  [1m[36mBook Load (0.2ms)[0m  [1m[34mSELECT "books".* FROM "books" WHERE "books"."id" = ? LIMIT ?[0m  [["id", 2], ["LIMIT", 1]]
  â†³ app/controllers/books_controller.rb:62:in `set_book'
  [1m[36mTRANSACTION (0.1ms)[0m  [1m[36mbegin transaction[0m
  â†³ app/controllers/books_controller.rb:40:in `block in update'
  [1m[36mBook Update (0.7ms)[0m  [1m[33mUPDATE "books" SET "title" = ?, "memo" = ?, "updated_at" = ? WHERE "books"."id" = ?[0m  [["title", "å¤œã®å¤œã®å¤œ"], ["memo", "stars on sky"], ["updated_at", "2021-11-16 16:21:58.292880"], ["id", 2]]
  â†³ app/controllers/books_controller.rb:40:in `block in update'
  [1m[36mTRANSACTION (1.4ms)[0m  [1m[36mcommit transaction[0m
  â†³ app/controllers/books_controller.rb:40:in `block in update'
Redirected to http://localhost:3000/books/2
Completed 302 Found in 14ms (ActiveRecord: 2.4ms | Allocations: 3162)


Started GET "/books/2" for ::1 at 2021-11-17 01:21:58 +0900
Processing by BooksController#show as HTML
  Parameters: {"id"=>"2"}
  [1m[36mBook Load (0.2ms)[0m  [1m[34mSELECT "books".* FROM "books" WHERE "books"."id" = ? LIMIT ?[0m  [["id", 2], ["LIMIT", 1]]
  â†³ app/controllers/books_controller.rb:62:in `set_book'
  Rendering layout layouts/application.html.erb
  Rendering books/show.html.erb within layouts/application
  Rendered books/show.html.erb within layouts/application (Duration: 0.4ms | Allocations: 106)
[Webpacker] Everything's up-to-date. Nothing to do
  Rendered layout layouts/application.html.erb (Duration: 8.0ms | Allocations: 3795)
Completed 200 OK in 11ms (Views: 8.6ms | ActiveRecord: 0.2ms | Allocations: 4782)


Started GET "/books" for ::1 at 2021-11-17 01:22:01 +0900
Processing by BooksController#index as HTML
  Rendering layout layouts/application.html.erb
  Rendering books/index.html.erb within layouts/application
  [1m[36mBook Load (0.2ms)[0m  [1m[34mSELECT "books".* FROM "books"[0m
  â†³ app/views/books/index.html.erb:15
  Rendered books/index.html.erb within layouts/application (Duration: 2.6ms | Allocations: 930)
[Webpacker] Everything's up-to-date. Nothing to do
  Rendered layout layouts/application.html.erb (Duration: 10.6ms | Allocations: 4619)
Completed 200 OK in 12ms (Views: 11.0ms | ActiveRecord: 0.2ms | Allocations: 5045)


Started GET "/books/new" for ::1 at 2021-11-17 01:28:04 +0900
Processing by BooksController#new as HTML
  Rendering layout layouts/application.html.erb
  Rendering books/new.html.erb within layouts/application
  Rendered books/_form.html.erb (Duration: 4.5ms | Allocations: 724)
  Rendered books/new.html.erb within layouts/application (Duration: 7.7ms | Allocations: 956)
[Webpacker] Everything's up-to-date. Nothing to do
  Rendered layout layouts/application.html.erb (Duration: 49.2ms | Allocations: 5280)
Completed 200 OK in 52ms (Views: 50.8ms | Allocations: 5847)


  [1m[35m (1.5ms)[0m  [1m[34mSELECT sqlite_version(*)[0m
  [1m[36mTRANSACTION (0.1ms)[0m  [1m[36mbegin transaction[0m
  [1m[36mBook Create (4.9ms)[0m  [1m[32mINSERT INTO "books" ("title", "memo", "created_at", "updated_at") VALUES (?, ?, ?, ?)[0m  [["title", "some title"], ["memo", "some memo"], ["created_at", "2021-11-16 17:32:41.406566"], ["updated_at", "2021-11-16 17:32:41.406566"]]
  [1m[36mTRANSACTION (1.1ms)[0m  [1m[36mcommit transaction[0m
  [1m[36mBook Load (0.5ms)[0m  [1m[34mSELECT "books".* FROM "books" ORDER BY "books"."id" DESC LIMIT ?[0m  [["LIMIT", 1]]
  [1m[35m (1.9ms)[0m  [1m[34mSELECT sqlite_version(*)[0m
  [1m[36mBook Load (1.0ms)[0m  [1m[34mSELECT "books".* FROM "books" ORDER BY "books"."id" ASC LIMIT ?[0m  [["LIMIT", 1]]
  [1m[35m (0.5ms)[0m  [1m[34mSELECT sqlite_version(*)[0m
  [1m[35m (0.9ms)[0m  [1m[34mSELECT "schema_migrations"."version" FROM "schema_migrations" ORDER BY "schema_migrations"."version" ASC[0m
Migrating to AddPictureToBooks (20211117054959)
  [1m[36mTRANSACTION (0.2ms)[0m  [1m[36mbegin transaction[0m
  [1m[35m (1.0ms)[0m  [1m[35mALTER TABLE "books" ADD "picture" varchar[0m
  [1m[36mActiveRecord::SchemaMigration Create (1.0ms)[0m  [1m[32mINSERT INTO "schema_migrations" ("version") VALUES (?)[0m  [["version", "20211117054959"]]
  [1m[36mTRANSACTION (1.1ms)[0m  [1m[36mcommit transaction[0m
  [1m[36mActiveRecord::InternalMetadata Load (2.0ms)[0m  [1m[34mSELECT "ar_internal_metadata".* FROM "ar_internal_metadata" WHERE "ar_internal_metadata"."key" = ? LIMIT ?[0m  [["key", "environment"], ["LIMIT", 1]]
  [1m[35m (0.1ms)[0m  [1m[34mSELECT sqlite_version(*)[0m
  [1m[35m (0.1ms)[0m  [1m[34mSELECT "schema_migrations"."version" FROM "schema_migrations" ORDER BY "schema_migrations"."version" ASC[0m
Started GET "/books" for ::1 at 2021-11-17 15:07:07 +0900
  [1m[35m (1.3ms)[0m  [1m[34mSELECT sqlite_version(*)[0m
  [1m[35m (0.3ms)[0m  [1m[34mSELECT "schema_migrations"."version" FROM "schema_migrations" ORDER BY "schema_migrations"."version" ASC[0m
Processing by BooksController#index as HTML
  Rendering layout layouts/application.html.erb
  Rendering books/index.html.erb within layouts/application
  [1m[36mBook Load (0.4ms)[0m  [1m[34mSELECT "books".* FROM "books"[0m
  â†³ app/views/books/index.html.erb:17
  Rendered books/index.html.erb within layouts/application (Duration: 19.7ms | Allocations: 8075)
  Rendered layout layouts/application.html.erb (Duration: 20.2ms | Allocations: 8160)
Completed 500 Internal Server Error in 53ms (ActiveRecord: 1.0ms | Allocations: 12271)


  
ActionView::Template::Error (undefined method `author' for #<Book:0x00007fc46469b0d8>):
    18:       <tr>
    19:         <td><%= book.title %></td>
    20:         <td><%= book.memo %></td>
    21:         <td><%= book.author %></td>
    22:         <td><%= book.picture %></td>
    23:         <td><%= link_to 'Show', book %></td>
    24:         <td><%= link_to 'Edit', edit_book_path(book) %></td>
  
app/views/books/index.html.erb:21
app/views/books/index.html.erb:17
Started GET "/books" for ::1 at 2021-11-17 15:10:28 +0900
Processing by BooksController#index as HTML
  Rendering layout layouts/application.html.erb
  Rendering books/index.html.erb within layouts/application
  [1m[36mBook Load (0.2ms)[0m  [1m[34mSELECT "books".* FROM "books"[0m
  â†³ app/views/books/index.html.erb:17
  Rendered books/index.html.erb within layouts/application (Duration: 9.9ms | Allocations: 3681)
  Rendered layout layouts/application.html.erb (Duration: 11.3ms | Allocations: 3762)
Completed 500 Internal Server Error in 21ms (ActiveRecord: 0.2ms | Allocations: 5016)


  
ActionView::Template::Error (undefined method `author' for #<Book:0x00007fc464799d68>):
    18:       <tr>
    19:         <td><%= book.title %></td>
    20:         <td><%= book.memo %></td>
    21:         #<td><%= book.author %></td>
    22:         <td><%= book.picture %></td>
    23:         <td><%= link_to 'Show', book %></td>
    24:         <td><%= link_to 'Edit', edit_book_path(book) %></td>
  
app/views/books/index.html.erb:21
app/views/books/index.html.erb:17
Started GET "/books" for ::1 at 2021-11-17 15:16:21 +0900
Processing by BooksController#index as HTML
  Rendering layout layouts/application.html.erb
  Rendering books/index.html.erb within layouts/application
  [1m[35m (0.3ms)[0m  [1m[34mSELECT sqlite_version(*)[0m
  â†³ app/views/books/index.html.erb:17
  [1m[36mBook Load (0.2ms)[0m  [1m[34mSELECT "books".* FROM "books"[0m
  â†³ app/views/books/index.html.erb:17
  Rendered books/index.html.erb within layouts/application (Duration: 20.7ms | Allocations: 4322)
  Rendered layout layouts/application.html.erb (Duration: 21.1ms | Allocations: 4402)
Completed 500 Internal Server Error in 29ms (ActiveRecord: 1.1ms | Allocations: 5538)


  
ActionView::Template::Error (undefined method `author' for #<Book:0x00007fc4617a1c50>):
    18:       <tr>
    19:         <td><%= book.title %></td>
    20:         <td><%= book.memo %></td>
    21:         <td><%= book.author %></td>
    22:         <td><%= book.picture %></td>
    23:         <td><%= link_to 'Show', book %></td>
    24:         <td><%= link_to 'Edit', edit_book_path(book) %></td>
  
app/views/books/index.html.erb:21
app/views/books/index.html.erb:17
  [1m[35m (0.5ms)[0m  [1m[34mSELECT sqlite_version(*)[0m
  [1m[35m (0.3ms)[0m  [1m[34mSELECT "schema_migrations"."version" FROM "schema_migrations" ORDER BY "schema_migrations"."version" ASC[0m
Migrating to AddAuthorToBooks (20211117061727)
  [1m[36mTRANSACTION (0.1ms)[0m  [1m[36mbegin transaction[0m
  [1m[35m (0.8ms)[0m  [1m[35mALTER TABLE "books" ADD "author" varchar[0m
  [1m[36mActiveRecord::SchemaMigration Create (0.2ms)[0m  [1m[32mINSERT INTO "schema_migrations" ("version") VALUES (?)[0m  [["version", "20211117061727"]]
  [1m[36mTRANSACTION (1.1ms)[0m  [1m[36mcommit transaction[0m
  [1m[36mActiveRecord::InternalMetadata Load (0.3ms)[0m  [1m[34mSELECT "ar_internal_metadata".* FROM "ar_internal_metadata" WHERE "ar_internal_metadata"."key" = ? LIMIT ?[0m  [["key", "environment"], ["LIMIT", 1]]
  [1m[35m (0.1ms)[0m  [1m[34mSELECT sqlite_version(*)[0m
  [1m[35m (0.1ms)[0m  [1m[34mSELECT "schema_migrations"."version" FROM "schema_migrations" ORDER BY "schema_migrations"."version" ASC[0m
Started GET "/books" for ::1 at 2021-11-17 15:18:32 +0900
  [1m[35m (0.6ms)[0m  [1m[34mSELECT sqlite_version(*)[0m
  [1m[35m (0.1ms)[0m  [1m[34mSELECT "schema_migrations"."version" FROM "schema_migrations" ORDER BY "schema_migrations"."version" ASC[0m
Processing by BooksController#index as HTML
  Rendering layout layouts/application.html.erb
  Rendering books/index.html.erb within layouts/application
  [1m[36mBook Load (0.5ms)[0m  [1m[34mSELECT "books".* FROM "books"[0m
  â†³ app/views/books/index.html.erb:17
  Rendered books/index.html.erb within layouts/application (Duration: 17.8ms | Allocations: 6367)
[Webpacker] Everything's up-to-date. Nothing to do
  Rendered layout layouts/application.html.erb (Duration: 59.8ms | Allocations: 12860)
Completed 200 OK in 88ms (Views: 70.5ms | ActiveRecord: 1.2ms | Allocations: 17646)


Started GET "/books/new" for ::1 at 2021-11-17 15:19:28 +0900
Processing by BooksController#new as HTML
  Rendering layout layouts/application.html.erb
  Rendering books/new.html.erb within layouts/application
  Rendered books/_form.html.erb (Duration: 89.2ms | Allocations: 6713)
  Rendered books/new.html.erb within layouts/application (Duration: 92.0ms | Allocations: 7080)
[Webpacker] Everything's up-to-date. Nothing to do
  Rendered layout layouts/application.html.erb (Duration: 111.1ms | Allocations: 10674)
Completed 200 OK in 115ms (Views: 112.6ms | ActiveRecord: 0.0ms | Allocations: 11255)


Started POST "/books" for ::1 at 2021-11-17 15:21:42 +0900
Processing by BooksController#create as HTML
  Parameters: {"authenticity_token"=>"[FILTERED]", "book"=>{"title"=>"ãƒŽã‚¤ãƒžãƒ³æ›¸ç”Ÿæœ¬", "memo"=>"ãƒŽã‚¤ãƒžãƒ³ã®é¢ã€…ãŒä¸‰å³¶ã®å®¶ã«æ›¸ç”Ÿã‚’æ‹›ãã“ã¨ã¨ãªã£ãŸçµŒç·¯ã‚’ç´¹ä»‹", "author"=>"ãƒŽã‚¤ãƒžãƒ³ã‚º", "picture"=>#<ActionDispatch::Http::UploadedFile:0x00007fe94f0902a0 @tempfile=#<Tempfile:/var/folders/h4/6wmqh1tn4817l42q39q893t80000gn/T/RackMultipart20211117-78408-1dk56qu.png>, @original_filename="AAProfilePicture_719BF25F-8EA0-4694-AFA0-04527EB1DE58.png", @content_type="image/png", @headers="Content-Disposition: form-data; name=\"book[picture]\"; filename=\"AAProfilePicture_719BF25F-8EA0-4694-AFA0-04527EB1DE58.png\"\r\nContent-Type: image/png\r\n">}, "commit"=>"Create Book"}
  [1m[36mTRANSACTION (0.1ms)[0m  [1m[36mbegin transaction[0m
  â†³ app/controllers/books_controller.rb:27:in `block in create'
  [1m[36mBook Create (0.9ms)[0m  [1m[32mINSERT INTO "books" ("title", "memo", "created_at", "updated_at", "picture", "author") VALUES (?, ?, ?, ?, ?, ?)[0m  [["title", "ãƒŽã‚¤ãƒžãƒ³æ›¸ç”Ÿæœ¬"], ["memo", "ãƒŽã‚¤ãƒžãƒ³ã®é¢ã€…ãŒä¸‰å³¶ã®å®¶ã«æ›¸ç”Ÿã‚’æ‹›ãã“ã¨ã¨ãªã£ãŸçµŒç·¯ã‚’ç´¹ä»‹"], ["created_at", "2021-11-17 06:21:42.135762"], ["updated_at", "2021-11-17 06:21:42.135762"], ["picture", "AAProfilePicture_719BF25F-8EA0-4694-AFA0-04527EB1DE58.png"], ["author", "ãƒŽã‚¤ãƒžãƒ³ã‚º"]]
  â†³ app/controllers/books_controller.rb:27:in `block in create'
  [1m[36mTRANSACTION (1.3ms)[0m  [1m[36mcommit transaction[0m
  â†³ app/controllers/books_controller.rb:27:in `block in create'
Redirected to http://localhost:3000/books/4
Completed 302 Found in 57ms (ActiveRecord: 2.3ms | Allocations: 10542)


Started GET "/books/4" for ::1 at 2021-11-17 15:21:42 +0900
Processing by BooksController#show as HTML
  Parameters: {"id"=>"4"}
  [1m[36mBook Load (0.3ms)[0m  [1m[34mSELECT "books".* FROM "books" WHERE "books"."id" = ? LIMIT ?[0m  [["id", 4], ["LIMIT", 1]]
  â†³ app/controllers/books_controller.rb:62:in `set_book'
  Rendering layout layouts/application.html.erb
  Rendering books/show.html.erb within layouts/application
  Rendered books/show.html.erb within layouts/application (Duration: 20.3ms | Allocations: 423)
[Webpacker] Everything's up-to-date. Nothing to do
  Rendered layout layouts/application.html.erb (Duration: 30.2ms | Allocations: 4116)
Completed 200 OK in 39ms (Views: 31.0ms | ActiveRecord: 0.3ms | Allocations: 5664)


